2025-04-07 00:35:06,116 - __main__ - INFO - Iniciando PrintToPDF para Sitemaps XML com configurações de alta qualidade
2025-04-07 00:35:06,116 - __main__ - INFO - Configurações: browser=firefox, wait_time=45s, extra_wait_for_media=20s
2025-04-07 00:35:06,117 - sitemap_parser - INFO - Processando sitemap: https://anbap.org/wp-sitemap-posts-page-1.xml
2025-04-07 00:35:07,139 - sitemap_parser - INFO - Extraídas 12 URLs do sitemap
2025-04-07 00:35:07,139 - sitemap_parser - INFO - Processando sitemap: https://nbsocial.org/wp-sitemap-posts-page-1.xml
2025-04-07 00:35:07,386 - sitemap_parser - INFO - Extraídas 13 URLs do sitemap
2025-04-07 00:35:07,395 - sitemap_parser - INFO - Processando sitemap: https://regimesocial.org/wp-sitemap-posts-page-1.xml
2025-04-07 00:35:07,672 - sitemap_parser - INFO - Extraídas 12 URLs do sitemap
2025-04-07 00:35:12,296 - crawler - INFO - Iniciando captura de screenshot de https://anbap.org/politica-de-privacidade/
2025-04-07 00:37:00,221 - crawler - INFO - Pausando vídeos, animações e ajustando elementos fixos
2025-04-07 00:37:02,235 - crawler - INFO - Usando captura nativa do Firefox para página completa
2025-04-07 00:37:02,383 - crawler - INFO - Screenshot capturado com dimensões: (1920, 2811)
2025-04-07 00:37:03,020 - pdf_generator - INFO - PDF criado com sucesso: results\anbap.org\pages\politica_de_privacidade.pdf
2025-04-07 00:37:03,021 - __main__ - INFO - PDF criado com sucesso: results\anbap.org\pages\politica_de_privacidade.pdf
2025-04-07 00:37:03,021 - crawler - INFO - Iniciando captura de screenshot de https://anbap.org/termos-e-condicoes/
2025-04-07 00:38:50,638 - crawler - INFO - Pausando vídeos, animações e ajustando elementos fixos
2025-04-07 00:38:52,653 - crawler - INFO - Usando captura nativa do Firefox para página completa
2025-04-07 00:38:52,825 - crawler - INFO - Screenshot capturado com dimensões: (1920, 3219)
2025-04-07 00:38:53,674 - pdf_generator - INFO - PDF criado com sucesso: results\anbap.org\pages\termos_e_condicoes.pdf
2025-04-07 00:38:53,674 - __main__ - INFO - PDF criado com sucesso: results\anbap.org\pages\termos_e_condicoes.pdf
2025-04-07 00:38:53,675 - crawler - INFO - Iniciando captura de screenshot de https://anbap.org/contato/
2025-04-07 00:40:42,595 - crawler - INFO - Pausando vídeos, animações e ajustando elementos fixos
2025-04-07 00:40:44,612 - crawler - INFO - Usando captura nativa do Firefox para página completa
2025-04-07 00:40:44,906 - crawler - INFO - Screenshot capturado com dimensões: (1920, 2384)
2025-04-07 00:40:45,644 - pdf_generator - INFO - PDF criado com sucesso: results\anbap.org\pages\contato.pdf
2025-04-07 00:40:45,644 - __main__ - INFO - PDF criado com sucesso: results\anbap.org\pages\contato.pdf
2025-04-07 00:40:45,645 - crawler - INFO - Iniciando captura de screenshot de https://anbap.org/noticias/
2025-04-07 00:42:34,494 - crawler - INFO - Pausando vídeos, animações e ajustando elementos fixos
2025-04-07 00:42:36,510 - crawler - INFO - Usando captura nativa do Firefox para página completa
2025-04-07 00:42:37,312 - crawler - INFO - Screenshot capturado com dimensões: (1920, 13745)
2025-04-07 00:42:40,896 - pdf_generator - INFO - PDF criado com sucesso: results\anbap.org\pages\noticias.pdf
2025-04-07 00:42:40,897 - __main__ - INFO - PDF criado com sucesso: results\anbap.org\pages\noticias.pdf
2025-04-07 00:42:40,897 - crawler - INFO - Iniciando captura de screenshot de https://anbap.org/obrigado-pelo-contato/
2025-04-07 00:44:29,751 - crawler - INFO - Pausando vídeos, animações e ajustando elementos fixos
2025-04-07 00:44:31,763 - crawler - INFO - Usando captura nativa do Firefox para página completa
2025-04-07 00:44:31,852 - crawler - INFO - Screenshot capturado com dimensões: (1920, 2007)
2025-04-07 00:44:32,309 - pdf_generator - INFO - PDF criado com sucesso: results\anbap.org\pages\obrigado_pelo_contato.pdf
2025-04-07 00:44:32,309 - __main__ - INFO - PDF criado com sucesso: results\anbap.org\pages\obrigado_pelo_contato.pdf
2025-04-07 00:44:32,310 - crawler - INFO - Iniciando captura de screenshot de https://anbap.org/faq/
2025-04-07 00:46:26,819 - crawler - INFO - Pausando vídeos, animações e ajustando elementos fixos
2025-04-07 00:46:28,830 - crawler - INFO - Usando captura nativa do Firefox para página completa
2025-04-07 00:46:28,935 - crawler - INFO - Screenshot capturado com dimensões: (1920, 2628)
2025-04-07 00:46:29,512 - pdf_generator - INFO - PDF criado com sucesso: results\anbap.org\pages\faq.pdf
2025-04-07 00:46:29,513 - __main__ - INFO - PDF criado com sucesso: results\anbap.org\pages\faq.pdf
2025-04-07 00:46:29,513 - crawler - INFO - Iniciando captura de screenshot de https://anbap.org/revisao-da-vida-toda/
2025-04-07 00:48:17,273 - crawler - INFO - Pausando vídeos, animações e ajustando elementos fixos
2025-04-07 00:48:19,286 - crawler - INFO - Usando captura nativa do Firefox para página completa
2025-04-07 00:48:19,426 - crawler - INFO - Screenshot capturado com dimensões: (1920, 3097)
2025-04-07 00:48:20,097 - pdf_generator - INFO - PDF criado com sucesso: results\anbap.org\pages\revisao_da_vida_toda.pdf
2025-04-07 00:48:20,097 - __main__ - INFO - PDF criado com sucesso: results\anbap.org\pages\revisao_da_vida_toda.pdf
2025-04-07 00:48:20,098 - crawler - INFO - Iniciando captura de screenshot de https://anbap.org/
2025-04-07 00:50:09,085 - crawler - INFO - Pausando vídeos, animações e ajustando elementos fixos
2025-04-07 00:50:11,114 - crawler - INFO - Usando captura nativa do Firefox para página completa
2025-04-07 00:50:11,738 - crawler - INFO - Screenshot capturado com dimensões: (1920, 9641)
2025-04-07 00:50:14,179 - pdf_generator - INFO - PDF criado com sucesso: results\anbap.org\pages\page_8.pdf
2025-04-07 00:50:14,180 - __main__ - INFO - PDF criado com sucesso: results\anbap.org\pages\page_8.pdf
2025-04-07 00:50:14,180 - crawler - INFO - Iniciando captura de screenshot de https://anbap.org/telemedicina/
2025-04-07 00:52:01,960 - crawler - INFO - Pausando vídeos, animações e ajustando elementos fixos
2025-04-07 00:52:03,975 - crawler - INFO - Usando captura nativa do Firefox para página completa
2025-04-07 00:52:04,489 - crawler - INFO - Screenshot capturado com dimensões: (1920, 5991)
2025-04-07 00:52:06,282 - pdf_generator - INFO - PDF criado com sucesso: results\anbap.org\pages\telemedicina.pdf
2025-04-07 00:52:06,282 - __main__ - INFO - PDF criado com sucesso: results\anbap.org\pages\telemedicina.pdf
2025-04-07 00:52:06,283 - crawler - INFO - Iniciando captura de screenshot de https://anbap.org/plano-odontologico/
2025-04-07 00:53:54,875 - crawler - INFO - Pausando vídeos, animações e ajustando elementos fixos
2025-04-07 00:53:56,888 - crawler - INFO - Usando captura nativa do Firefox para página completa
2025-04-07 00:53:57,291 - crawler - INFO - Screenshot capturado com dimensões: (1920, 3391)
2025-04-07 00:53:58,434 - pdf_generator - INFO - PDF criado com sucesso: results\anbap.org\pages\plano_odontologico.pdf
2025-04-07 00:53:58,435 - __main__ - INFO - PDF criado com sucesso: results\anbap.org\pages\plano_odontologico.pdf
2025-04-07 00:53:58,435 - crawler - INFO - Iniciando captura de screenshot de https://anbap.org/consultas-exames/
2025-04-07 00:55:47,152 - crawler - INFO - Pausando vídeos, animações e ajustando elementos fixos
2025-04-07 00:55:49,165 - crawler - INFO - Usando captura nativa do Firefox para página completa
2025-04-07 00:55:49,562 - crawler - INFO - Screenshot capturado com dimensões: (1920, 4506)
2025-04-07 00:55:50,857 - pdf_generator - INFO - PDF criado com sucesso: results\anbap.org\pages\consultas_exames.pdf
2025-04-07 00:55:50,857 - __main__ - INFO - PDF criado com sucesso: results\anbap.org\pages\consultas_exames.pdf
2025-04-07 00:55:50,858 - crawler - INFO - Iniciando captura de screenshot de https://anbap.org/descontos-em-medicamentos/
2025-04-07 00:57:39,536 - crawler - INFO - Pausando vídeos, animações e ajustando elementos fixos
2025-04-07 00:57:41,550 - crawler - INFO - Usando captura nativa do Firefox para página completa
2025-04-07 00:57:41,867 - crawler - INFO - Screenshot capturado com dimensões: (1920, 3486)
2025-04-07 00:57:42,852 - pdf_generator - INFO - PDF criado com sucesso: results\anbap.org\pages\descontos_em_medicamentos.pdf
2025-04-07 00:57:42,852 - __main__ - INFO - PDF criado com sucesso: results\anbap.org\pages\descontos_em_medicamentos.pdf
2025-04-07 00:57:42,979 - pdf_generator - INFO - PDF mesclado criado com sucesso: results\anbap.org\anbap.org_completo.pdf
2025-04-07 00:57:50,226 - crawler - INFO - Iniciando captura de screenshot de https://nbsocial.org/descontos-em-medicamentos/
2025-04-07 00:59:37,964 - crawler - INFO - Pausando vídeos, animações e ajustando elementos fixos
2025-04-07 00:59:39,978 - crawler - INFO - Usando captura nativa do Firefox para página completa
2025-04-07 00:59:40,256 - crawler - INFO - Screenshot capturado com dimensões: (1920, 3539)
2025-04-07 00:59:41,263 - pdf_generator - INFO - PDF criado com sucesso: results\nbsocial.org\pages\descontos_em_medicamentos.pdf
2025-04-07 00:59:41,263 - __main__ - INFO - PDF criado com sucesso: results\nbsocial.org\pages\descontos_em_medicamentos.pdf
2025-04-07 00:59:41,264 - crawler - INFO - Iniciando captura de screenshot de https://nbsocial.org/consultas-exames/
2025-04-07 01:01:28,632 - crawler - INFO - Pausando vídeos, animações e ajustando elementos fixos
2025-04-07 01:01:30,645 - crawler - INFO - Usando captura nativa do Firefox para página completa
2025-04-07 01:01:31,022 - crawler - INFO - Screenshot capturado com dimensões: (1920, 4489)
2025-04-07 01:01:32,254 - pdf_generator - INFO - PDF criado com sucesso: results\nbsocial.org\pages\consultas_exames.pdf
2025-04-07 01:01:32,255 - __main__ - INFO - PDF criado com sucesso: results\nbsocial.org\pages\consultas_exames.pdf
2025-04-07 01:01:32,255 - crawler - INFO - Iniciando captura de screenshot de https://nbsocial.org/plano-odontologico/
2025-04-07 01:03:19,442 - crawler - INFO - Pausando vídeos, animações e ajustando elementos fixos
2025-04-07 01:03:21,454 - crawler - INFO - Usando captura nativa do Firefox para página completa
2025-04-07 01:03:21,790 - crawler - INFO - Screenshot capturado com dimensões: (1920, 3444)
2025-04-07 01:03:22,931 - pdf_generator - INFO - PDF criado com sucesso: results\nbsocial.org\pages\plano_odontologico.pdf
2025-04-07 01:03:22,931 - __main__ - INFO - PDF criado com sucesso: results\nbsocial.org\pages\plano_odontologico.pdf
2025-04-07 01:03:22,932 - crawler - INFO - Iniciando captura de screenshot de https://nbsocial.org/telemedicina/
2025-04-07 01:05:10,114 - crawler - INFO - Pausando vídeos, animações e ajustando elementos fixos
2025-04-07 01:05:12,128 - crawler - INFO - Usando captura nativa do Firefox para página completa
2025-04-07 01:05:12,627 - crawler - INFO - Screenshot capturado com dimensões: (1920, 6038)
2025-04-07 01:05:14,380 - pdf_generator - INFO - PDF criado com sucesso: results\nbsocial.org\pages\telemedicina.pdf
2025-04-07 01:05:14,380 - __main__ - INFO - PDF criado com sucesso: results\nbsocial.org\pages\telemedicina.pdf
2025-04-07 01:05:14,381 - crawler - INFO - Iniciando captura de screenshot de https://nbsocial.org/home/
