2025-04-05 17:49:59,696 - __main__ - INFO - Iniciando PrintToPDF com configurações de alta qualidade
2025-04-05 17:49:59,697 - __main__ - INFO - Configurações: browser=firefox, max_depth=3, wait_time=30s, extra_wait_for_media=15s
2025-04-05 17:50:13,212 - crawler - WARNING - Erro ao acessar https://nbsocial.org/nbsocial.org: 404 Client Error: Not Found for url: https://nbsocial.org/nbsocial.org
2025-04-05 17:50:15,342 - crawler - WARNING - Erro ao acessar https://nbsocial.org/sobre-nos: 404 Client Error: Not Found for url: https://nbsocial.org/sobre-nos
2025-04-05 17:51:00,867 - crawler - INFO - Carregando página: https://nbsocial.org/
2025-04-05 17:51:34,736 - crawler - INFO - Página contém elementos de mídia. Aguardando tempo adicional: 15s
2025-04-05 17:51:51,772 - crawler - INFO - Usando captura nativa do Firefox para página completa
2025-04-05 17:51:54,871 - pdf_generator - INFO - PDF criado com sucesso: results\nbsocial.org\pages\page_1.pdf
2025-04-05 17:51:54,871 - __main__ - INFO - PDF criado com sucesso: results\nbsocial.org\pages\page_1.pdf
2025-04-05 17:51:54,872 - crawler - INFO - Carregando página: https://nbsocial.org/10-padroes-de-trico-faceis-para-iniciantes
2025-04-05 17:52:29,145 - crawler - INFO - Usando captura nativa do Firefox para página completa
2025-04-05 17:52:31,390 - pdf_generator - INFO - PDF criado com sucesso: results\nbsocial.org\pages\10_padroes_de_trico_faceis_para_iniciantes.pdf
2025-04-05 17:52:31,390 - __main__ - INFO - PDF criado com sucesso: results\nbsocial.org\pages\10_padroes_de_trico_faceis_para_iniciantes.pdf
2025-04-05 17:52:31,391 - crawler - INFO - Carregando página: https://nbsocial.org/2024/02/22
2025-04-05 17:53:04,846 - crawler - INFO - Usando captura nativa do Firefox para página completa
2025-04-05 17:53:07,235 - pdf_generator - INFO - PDF criado com sucesso: results\nbsocial.org\pages\22.pdf
2025-04-05 17:53:07,236 - __main__ - INFO - PDF criado com sucesso: results\nbsocial.org\pages\22.pdf
2025-04-05 17:53:07,236 - crawler - INFO - Carregando página: https://nbsocial.org/2024/02/22/page/2
2025-04-05 17:53:41,013 - crawler - INFO - Usando captura nativa do Firefox para página completa
2025-04-05 17:53:43,432 - pdf_generator - INFO - PDF criado com sucesso: results\nbsocial.org\pages\2.pdf
2025-04-05 17:53:43,432 - __main__ - INFO - PDF criado com sucesso: results\nbsocial.org\pages\2.pdf
2025-04-05 17:53:43,433 - crawler - INFO - Carregando página: https://nbsocial.org/2024/03/12
2025-04-05 17:54:16,582 - crawler - INFO - Usando captura nativa do Firefox para página completa
2025-04-05 17:54:17,208 - pdf_generator - INFO - PDF criado com sucesso: results\nbsocial.org\pages\12.pdf
2025-04-05 17:54:17,208 - __main__ - INFO - PDF criado com sucesso: results\nbsocial.org\pages\12.pdf
2025-04-05 17:54:17,209 - crawler - INFO - Carregando página: https://nbsocial.org/2024/07/27
2025-04-05 17:54:50,367 - crawler - INFO - Usando captura nativa do Firefox para página completa
2025-04-05 17:54:51,906 - pdf_generator - INFO - PDF criado com sucesso: results\nbsocial.org\pages\27.pdf
2025-04-05 17:54:51,906 - __main__ - INFO - PDF criado com sucesso: results\nbsocial.org\pages\27.pdf
2025-04-05 17:54:51,907 - crawler - INFO - Carregando página: https://nbsocial.org/2024/08/12
2025-04-05 17:55:25,098 - crawler - INFO - Usando captura nativa do Firefox para página completa
2025-04-05 17:55:25,731 - pdf_generator - INFO - PDF criado com sucesso: results\nbsocial.org\pages\12_1.pdf
2025-04-05 17:55:25,731 - __main__ - INFO - PDF criado com sucesso: results\nbsocial.org\pages\12_1.pdf
2025-04-05 17:55:25,732 - crawler - INFO - Carregando página: https://nbsocial.org/2025/03/21
2025-04-05 17:55:58,889 - crawler - INFO - Usando captura nativa do Firefox para página completa
2025-04-05 17:55:59,503 - pdf_generator - INFO - PDF criado com sucesso: results\nbsocial.org\pages\21.pdf
2025-04-05 17:55:59,504 - __main__ - INFO - PDF criado com sucesso: results\nbsocial.org\pages\21.pdf
2025-04-05 17:55:59,504 - crawler - INFO - Carregando página: https://nbsocial.org/5-destinos-incriveis-para-aposentados-aventureiros
2025-04-05 17:56:32,677 - crawler - INFO - Usando captura nativa do Firefox para página completa
2025-04-05 17:56:34,895 - pdf_generator - INFO - PDF criado com sucesso: results\nbsocial.org\pages\5_destinos_incriveis_para_aposentados_aventureiros.pdf
2025-04-05 17:56:34,895 - __main__ - INFO - PDF criado com sucesso: results\nbsocial.org\pages\5_destinos_incriveis_para_aposentados_aventureiros.pdf
2025-04-05 17:56:34,896 - crawler - INFO - Carregando página: https://nbsocial.org/alerta-aos-idosos-advogado-suspeito-de-enganar-clientes-no-tribunal
2025-04-05 17:57:17,852 - crawler - INFO - Usando captura nativa do Firefox para página completa
2025-04-05 17:57:18,884 - pdf_generator - INFO - PDF criado com sucesso: results\nbsocial.org\pages\alerta_aos_idosos_advogado_suspeito_de_enganar_clientes_no_tribunal.pdf
2025-04-05 17:57:18,884 - __main__ - INFO - PDF criado com sucesso: results\nbsocial.org\pages\alerta_aos_idosos_advogado_suspeito_de_enganar_clientes_no_tribunal.pdf
2025-04-05 17:57:18,885 - crawler - INFO - Carregando página: https://nbsocial.org/antecipacao-do-13o-salario-do-inss-em-2024-uma-boa-noticia-para-aposentados-e-pensionistas
2025-04-05 17:58:02,074 - crawler - INFO - Usando captura nativa do Firefox para página completa
2025-04-05 17:58:03,021 - pdf_generator - INFO - PDF criado com sucesso: results\nbsocial.org\pages\antecipacao_do_13o_salario_do_inss_em_2024_uma_boa_noticia_para_aposentados_e_pensionistas.pdf
2025-04-05 17:58:03,022 - __main__ - INFO - PDF criado com sucesso: results\nbsocial.org\pages\antecipacao_do_13o_salario_do_inss_em_2024_uma_boa_noticia_para_aposentados_e_pensionistas.pdf
2025-04-05 17:58:03,023 - crawler - INFO - Carregando página: https://nbsocial.org/arraial-social
2025-04-05 17:58:46,187 - crawler - INFO - Usando captura nativa do Firefox para página completa
2025-04-05 17:58:47,530 - pdf_generator - INFO - PDF criado com sucesso: results\nbsocial.org\pages\arraial_social.pdf
2025-04-05 17:58:47,530 - __main__ - INFO - PDF criado com sucesso: results\nbsocial.org\pages\arraial_social.pdf
2025-04-05 17:58:47,531 - crawler - INFO - Carregando página: https://nbsocial.org/beneficio-de-prestacao-continuada-bpc-aumenta-significativamente-para-idosos
2025-04-05 17:59:30,735 - crawler - INFO - Usando captura nativa do Firefox para página completa
2025-04-05 17:59:32,009 - pdf_generator - INFO - PDF criado com sucesso: results\nbsocial.org\pages\beneficio_de_prestacao_continuada_bpc_aumenta_significativamente_para_idosos.pdf
2025-04-05 17:59:32,010 - __main__ - INFO - PDF criado com sucesso: results\nbsocial.org\pages\beneficio_de_prestacao_continuada_bpc_aumenta_significativamente_para_idosos.pdf
2025-04-05 17:59:32,010 - crawler - INFO - Carregando página: https://nbsocial.org/cdn-cgi/l/email-protection
2025-04-05 18:00:04,715 - crawler - INFO - Usando captura nativa do Firefox para página completa
2025-04-05 18:00:04,982 - pdf_generator - INFO - PDF criado com sucesso: results\nbsocial.org\pages\email_protection.pdf
2025-04-05 18:00:04,982 - __main__ - INFO - PDF criado com sucesso: results\nbsocial.org\pages\email_protection.pdf
2025-04-05 18:00:04,983 - crawler - INFO - Carregando página: https://nbsocial.org/como-criar-um-jardim-de-baixa-manutencao-em-casa
2025-04-05 18:00:38,161 - crawler - INFO - Usando captura nativa do Firefox para página completa
2025-04-05 18:00:40,455 - pdf_generator - INFO - PDF criado com sucesso: results\nbsocial.org\pages\como_criar_um_jardim_de_baixa_manutencao_em_casa.pdf
2025-04-05 18:00:40,455 - __main__ - INFO - PDF criado com sucesso: results\nbsocial.org\pages\como_criar_um_jardim_de_baixa_manutencao_em_casa.pdf
2025-04-05 18:00:40,456 - crawler - INFO - Carregando página: https://nbsocial.org/como-transformar-artesanato-em-negocio-lucrativo
2025-04-05 18:01:13,296 - crawler - INFO - Usando captura nativa do Firefox para página completa
2025-04-05 18:01:16,142 - pdf_generator - INFO - PDF criado com sucesso: results\nbsocial.org\pages\como_transformar_artesanato_em_negocio_lucrativo.pdf
2025-04-05 18:01:16,143 - __main__ - INFO - PDF criado com sucesso: results\nbsocial.org\pages\como_transformar_artesanato_em_negocio_lucrativo.pdf
2025-04-05 18:01:16,143 - crawler - INFO - Carregando página: https://nbsocial.org/consultas-exames
2025-04-05 18:01:53,533 - crawler - INFO - Página contém elementos de mídia. Aguardando tempo adicional: 15s
2025-04-05 18:02:10,575 - crawler - INFO - Usando captura nativa do Firefox para página completa
2025-04-05 18:02:12,123 - pdf_generator - INFO - PDF criado com sucesso: results\nbsocial.org\pages\consultas_exames.pdf
2025-04-05 18:02:12,123 - __main__ - INFO - PDF criado com sucesso: results\nbsocial.org\pages\consultas_exames.pdf
2025-04-05 18:02:12,124 - crawler - INFO - Carregando página: https://nbsocial.org/contato
2025-04-05 18:02:55,508 - crawler - INFO - Usando captura nativa do Firefox para página completa
2025-04-05 18:02:56,342 - pdf_generator - INFO - PDF criado com sucesso: results\nbsocial.org\pages\contato.pdf
2025-04-05 18:02:56,342 - __main__ - INFO - PDF criado com sucesso: results\nbsocial.org\pages\contato.pdf
2025-04-05 18:02:56,343 - crawler - INFO - Carregando página: https://nbsocial.org/croche-para-iniciantes-passo-a-passo-para-comecar
2025-04-05 18:03:29,433 - crawler - INFO - Usando captura nativa do Firefox para página completa
2025-04-05 18:03:31,492 - pdf_generator - INFO - PDF criado com sucesso: results\nbsocial.org\pages\croche_para_iniciantes_passo_a_passo_para_comecar.pdf
2025-04-05 18:03:31,492 - __main__ - INFO - PDF criado com sucesso: results\nbsocial.org\pages\croche_para_iniciantes_passo_a_passo_para_comecar.pdf
2025-04-05 18:03:31,493 - crawler - INFO - Carregando página: https://nbsocial.org/descontos-em-medicamentos
2025-04-05 18:04:02,604 - crawler - INFO - Página contém elementos de mídia. Aguardando tempo adicional: 15s
2025-04-05 18:04:19,620 - crawler - INFO - Usando captura nativa do Firefox para página completa
2025-04-05 18:04:20,728 - pdf_generator - INFO - PDF criado com sucesso: results\nbsocial.org\pages\descontos_em_medicamentos.pdf
2025-04-05 18:04:20,728 - __main__ - INFO - PDF criado com sucesso: results\nbsocial.org\pages\descontos_em_medicamentos.pdf
2025-04-05 18:04:20,729 - crawler - INFO - Carregando página: https://nbsocial.org/dicas-de-viagem-economica-para-aposentados-como-explorar-gastando-menos
2025-04-05 18:04:53,904 - crawler - INFO - Usando captura nativa do Firefox para página completa
2025-04-05 18:04:56,009 - pdf_generator - INFO - PDF criado com sucesso: results\nbsocial.org\pages\dicas_de_viagem_economica_para_aposentados_como_explorar_gastando_menos.pdf
2025-04-05 18:04:56,009 - __main__ - INFO - PDF criado com sucesso: results\nbsocial.org\pages\dicas_de_viagem_economica_para_aposentados_como_explorar_gastando_menos.pdf
2025-04-05 18:04:56,010 - crawler - INFO - Carregando página: https://nbsocial.org/faq
2025-04-05 18:05:39,286 - crawler - INFO - Usando captura nativa do Firefox para página completa
2025-04-05 18:05:39,855 - pdf_generator - INFO - PDF criado com sucesso: results\nbsocial.org\pages\faq.pdf
2025-04-05 18:05:39,856 - __main__ - INFO - PDF criado com sucesso: results\nbsocial.org\pages\faq.pdf
2025-04-05 18:05:39,857 - crawler - INFO - Carregando página: https://nbsocial.org/guia-pratico-para-montar-sua-horta-em-casa
2025-04-05 18:06:13,053 - crawler - INFO - Usando captura nativa do Firefox para página completa
2025-04-05 18:06:15,577 - pdf_generator - INFO - PDF criado com sucesso: results\nbsocial.org\pages\guia_pratico_para_montar_sua_horta_em_casa.pdf
2025-04-05 18:06:15,577 - __main__ - INFO - PDF criado com sucesso: results\nbsocial.org\pages\guia_pratico_para_montar_sua_horta_em_casa.pdf
2025-04-05 18:06:15,578 - crawler - INFO - Carregando página: https://nbsocial.org/horta-vertical-solucoes-criativas-para-espacos-pequenos
2025-04-05 18:06:48,771 - crawler - INFO - Usando captura nativa do Firefox para página completa
2025-04-05 18:06:51,478 - pdf_generator - INFO - PDF criado com sucesso: results\nbsocial.org\pages\horta_vertical_solucoes_criativas_para_espacos_pequenos.pdf
2025-04-05 18:06:51,479 - __main__ - INFO - PDF criado com sucesso: results\nbsocial.org\pages\horta_vertical_solucoes_criativas_para_espacos_pequenos.pdf
2025-04-05 18:06:51,480 - crawler - INFO - Carregando página: https://nbsocial.org/iniciando-no-artesanato-5-projetos-para-principiantes
2025-04-05 18:07:24,514 - crawler - INFO - Usando captura nativa do Firefox para página completa
2025-04-05 18:07:26,696 - pdf_generator - INFO - PDF criado com sucesso: results\nbsocial.org\pages\iniciando_no_artesanato_5_projetos_para_principiantes.pdf
2025-04-05 18:07:26,696 - __main__ - INFO - PDF criado com sucesso: results\nbsocial.org\pages\iniciando_no_artesanato_5_projetos_para_principiantes.pdf
2025-04-05 18:07:26,697 - crawler - INFO - Carregando página: https://nbsocial.org/jardinagem-em-familia-como-envolver-as-criancas
2025-04-05 18:07:59,649 - crawler - INFO - Usando captura nativa do Firefox para página completa
2025-04-05 18:08:01,774 - pdf_generator - INFO - PDF criado com sucesso: results\nbsocial.org\pages\jardinagem_em_familia_como_envolver_as_criancas.pdf
2025-04-05 18:08:01,775 - __main__ - INFO - PDF criado com sucesso: results\nbsocial.org\pages\jardinagem_em_familia_como_envolver_as_criancas.pdf
2025-04-05 18:08:01,775 - crawler - INFO - Carregando página: https://nbsocial.org/jardins-terapeuticos-beneficios-da-jardinagem-para-a-saude-mental
2025-04-05 18:08:34,937 - crawler - INFO - Usando captura nativa do Firefox para página completa
2025-04-05 18:08:36,828 - pdf_generator - INFO - PDF criado com sucesso: results\nbsocial.org\pages\jardins_terapeuticos_beneficios_da_jardinagem_para_a_saude_mental.pdf
2025-04-05 18:08:36,828 - __main__ - INFO - PDF criado com sucesso: results\nbsocial.org\pages\jardins_terapeuticos_beneficios_da_jardinagem_para_a_saude_mental.pdf
2025-04-05 18:08:36,829 - crawler - INFO - Carregando página: https://nbsocial.org/nb-social-inaugura-novos-escritorios-em-varzea-grande-e-criciuma-mais-perto-de-quem-precisa
2025-04-05 18:09:10,943 - crawler - INFO - Usando captura nativa do Firefox para página completa
2025-04-05 18:09:12,866 - pdf_generator - INFO - PDF criado com sucesso: results\nbsocial.org\pages\nb_social_inaugura_novos_escritorios_em_varzea_grande_e_criciuma_mais_perto_de_quem_precisa.pdf
2025-04-05 18:09:12,867 - __main__ - INFO - PDF criado com sucesso: results\nbsocial.org\pages\nb_social_inaugura_novos_escritorios_em_varzea_grande_e_criciuma_mais_perto_de_quem_precisa.pdf
2025-04-05 18:09:12,867 - crawler - INFO - Carregando página: https://nbsocial.org/nbsocial.org
2025-04-05 18:09:57,738 - crawler - INFO - Usando captura nativa do Firefox para página completa
2025-04-05 18:09:58,311 - pdf_generator - INFO - PDF criado com sucesso: results\nbsocial.org\pages\page_29.pdf
2025-04-05 18:09:58,312 - __main__ - INFO - PDF criado com sucesso: results\nbsocial.org\pages\page_29.pdf
2025-04-05 18:09:58,312 - crawler - INFO - Carregando página: https://nbsocial.org/plano-odontologico
2025-04-05 18:10:29,784 - crawler - INFO - Página contém elementos de mídia. Aguardando tempo adicional: 15s
2025-04-05 18:10:46,800 - crawler - INFO - Usando captura nativa do Firefox para página completa
2025-04-05 18:10:47,938 - pdf_generator - INFO - PDF criado com sucesso: results\nbsocial.org\pages\plano_odontologico.pdf
2025-04-05 18:10:47,939 - __main__ - INFO - PDF criado com sucesso: results\nbsocial.org\pages\plano_odontologico.pdf
2025-04-05 18:10:47,940 - crawler - INFO - Carregando página: https://nbsocial.org/politica-de-privacidade
2025-04-05 18:11:31,447 - crawler - INFO - Usando captura nativa do Firefox para página completa
2025-04-05 18:11:32,104 - pdf_generator - INFO - PDF criado com sucesso: results\nbsocial.org\pages\politica_de_privacidade.pdf
2025-04-05 18:11:32,104 - __main__ - INFO - PDF criado com sucesso: results\nbsocial.org\pages\politica_de_privacidade.pdf
2025-04-05 18:11:32,105 - crawler - INFO - Carregando página: https://nbsocial.org/programa-sss
2025-04-05 18:12:15,626 - crawler - INFO - Usando captura nativa do Firefox para página completa
2025-04-05 18:12:16,713 - pdf_generator - INFO - PDF criado com sucesso: results\nbsocial.org\pages\programa_sss.pdf
2025-04-05 18:12:16,713 - __main__ - INFO - PDF criado com sucesso: results\nbsocial.org\pages\programa_sss.pdf
2025-04-05 18:12:16,713 - crawler - INFO - Carregando página: https://nbsocial.org/proteja-se-de-golpes-saiba-como-identificar-e-evitar-fraudes-do-inss
2025-04-05 18:12:49,687 - crawler - INFO - Usando captura nativa do Firefox para página completa
2025-04-05 18:12:50,836 - pdf_generator - INFO - PDF criado com sucesso: results\nbsocial.org\pages\proteja_se_de_golpes_saiba_como_identificar_e_evitar_fraudes_do_inss.pdf
2025-04-05 18:12:50,836 - __main__ - INFO - PDF criado com sucesso: results\nbsocial.org\pages\proteja_se_de_golpes_saiba_como_identificar_e_evitar_fraudes_do_inss.pdf
2025-04-05 18:12:50,837 - crawler - INFO - Carregando página: https://nbsocial.org/sobre-nos
2025-04-05 18:13:34,894 - crawler - INFO - Usando captura nativa do Firefox para página completa
2025-04-05 18:13:35,422 - pdf_generator - INFO - PDF criado com sucesso: results\nbsocial.org\pages\sobre_nos.pdf
2025-04-05 18:13:35,422 - __main__ - INFO - PDF criado com sucesso: results\nbsocial.org\pages\sobre_nos.pdf
2025-04-05 18:13:35,423 - crawler - INFO - Carregando página: https://nbsocial.org/telemedicina
2025-04-05 18:14:06,854 - crawler - INFO - Página contém elementos de mídia. Aguardando tempo adicional: 15s
2025-04-05 18:14:23,871 - crawler - INFO - Usando captura nativa do Firefox para página completa
2025-04-05 18:14:25,535 - pdf_generator - INFO - PDF criado com sucesso: results\nbsocial.org\pages\telemedicina.pdf
2025-04-05 18:14:25,536 - __main__ - INFO - PDF criado com sucesso: results\nbsocial.org\pages\telemedicina.pdf
2025-04-05 18:14:25,536 - crawler - INFO - Carregando página: https://nbsocial.org/tendencias-de-artesanato-para-2024-o-que-esta-em-alta
2025-04-05 18:14:58,458 - crawler - INFO - Usando captura nativa do Firefox para página completa
2025-04-05 18:15:00,514 - pdf_generator - INFO - PDF criado com sucesso: results\nbsocial.org\pages\tendencias_de_artesanato_para_2024_o_que_esta_em_alta.pdf
2025-04-05 18:15:00,515 - __main__ - INFO - PDF criado com sucesso: results\nbsocial.org\pages\tendencias_de_artesanato_para_2024_o_que_esta_em_alta.pdf
2025-04-05 18:15:00,515 - crawler - INFO - Carregando página: https://nbsocial.org/termos-e-condicoes
2025-04-05 18:15:34,040 - crawler - INFO - Usando captura nativa do Firefox para página completa
2025-04-05 18:15:34,738 - pdf_generator - INFO - PDF criado com sucesso: results\nbsocial.org\pages\termos_e_condicoes.pdf
2025-04-05 18:15:34,738 - __main__ - INFO - PDF criado com sucesso: results\nbsocial.org\pages\termos_e_condicoes.pdf
2025-04-05 18:15:34,739 - crawler - INFO - Carregando página: https://nbsocial.org/transforme-seu-quintal-dicas-de-paisagismo-para-iniciantes
2025-04-05 18:16:07,905 - crawler - INFO - Usando captura nativa do Firefox para página completa
2025-04-05 18:16:09,771 - pdf_generator - INFO - PDF criado com sucesso: results\nbsocial.org\pages\transforme_seu_quintal_dicas_de_paisagismo_para_iniciantes.pdf
2025-04-05 18:16:09,771 - __main__ - INFO - PDF criado com sucesso: results\nbsocial.org\pages\transforme_seu_quintal_dicas_de_paisagismo_para_iniciantes.pdf
2025-04-05 18:16:09,772 - crawler - INFO - Carregando página: https://nbsocial.org/viajando-com-seguranca-guia-para-aposentados
2025-04-05 18:16:42,965 - crawler - INFO - Usando captura nativa do Firefox para página completa
2025-04-05 18:16:45,162 - pdf_generator - INFO - PDF criado com sucesso: results\nbsocial.org\pages\viajando_com_seguranca_guia_para_aposentados.pdf
2025-04-05 18:16:45,163 - __main__ - INFO - PDF criado com sucesso: results\nbsocial.org\pages\viajando_com_seguranca_guia_para_aposentados.pdf
2025-04-05 18:16:45,389 - pdf_generator - INFO - PDF mesclado criado com sucesso: results\nbsocial.org\nbsocial.org_completo.pdf
2025-04-05 18:16:48,066 - pdf_generator - INFO - PDF mesclado criado com sucesso: results\todos_os_sites.pdf
