2025-04-06 22:58:24,096 - __main__ - INFO - Iniciando PrintToPDF para Sitemaps XML com configurações de alta qualidade
2025-04-06 22:58:24,096 - __main__ - INFO - Configurações: browser=firefox, wait_time=45s, extra_wait_for_media=20s
2025-04-06 22:58:24,097 - sitemap_parser - INFO - Processando sitemap: https://anbap.org/wp-sitemap-posts-page-1.xml
2025-04-06 22:58:24,558 - sitemap_parser - INFO - Extraídas 12 URLs do sitemap
2025-04-06 22:58:29,148 - crawler - INFO - Iniciando captura de screenshot de https://anbap.org/politica-de-privacidade/
2025-04-06 23:00:17,267 - crawler - INFO - Pausando vídeos e animações
2025-04-06 23:00:19,314 - crawler - INFO - Usando captura nativa do Firefox para página completa
2025-04-06 23:00:19,501 - crawler - INFO - Screenshot capturado com dimensões: (1920, 2811)
2025-04-06 23:00:20,092 - pdf_generator - INFO - PDF criado com sucesso: results\anbap.org\pages\politica_de_privacidade.pdf
2025-04-06 23:00:20,092 - __main__ - INFO - PDF criado com sucesso: results\anbap.org\pages\politica_de_privacidade.pdf
2025-04-06 23:00:20,093 - crawler - INFO - Iniciando captura de screenshot de https://anbap.org/termos-e-condicoes/
2025-04-06 23:02:08,515 - crawler - INFO - Pausando vídeos e animações
2025-04-06 23:02:10,527 - crawler - INFO - Usando captura nativa do Firefox para página completa
2025-04-06 23:02:10,645 - crawler - INFO - Screenshot capturado com dimensões: (1920, 3219)
2025-04-06 23:02:11,325 - pdf_generator - INFO - PDF criado com sucesso: results\anbap.org\pages\termos_e_condicoes.pdf
2025-04-06 23:02:11,325 - __main__ - INFO - PDF criado com sucesso: results\anbap.org\pages\termos_e_condicoes.pdf
2025-04-06 23:02:11,326 - crawler - INFO - Iniciando captura de screenshot de https://anbap.org/contato/
2025-04-06 23:04:00,241 - crawler - INFO - Pausando vídeos e animações
2025-04-06 23:04:02,254 - crawler - INFO - Usando captura nativa do Firefox para página completa
2025-04-06 23:04:02,446 - crawler - INFO - Screenshot capturado com dimensões: (1920, 2384)
2025-04-06 23:04:03,093 - pdf_generator - INFO - PDF criado com sucesso: results\anbap.org\pages\contato.pdf
2025-04-06 23:04:03,093 - __main__ - INFO - PDF criado com sucesso: results\anbap.org\pages\contato.pdf
2025-04-06 23:04:03,094 - crawler - INFO - Iniciando captura de screenshot de https://anbap.org/noticias/
2025-04-06 23:05:51,901 - crawler - INFO - Pausando vídeos e animações
2025-04-06 23:05:53,923 - crawler - INFO - Usando captura nativa do Firefox para página completa
2025-04-06 23:05:54,867 - crawler - INFO - Screenshot capturado com dimensões: (1920, 13745)
2025-04-06 23:05:58,862 - pdf_generator - INFO - PDF criado com sucesso: results\anbap.org\pages\noticias.pdf
2025-04-06 23:05:58,863 - __main__ - INFO - PDF criado com sucesso: results\anbap.org\pages\noticias.pdf
2025-04-06 23:05:58,864 - crawler - INFO - Iniciando captura de screenshot de https://anbap.org/obrigado-pelo-contato/
2025-04-06 23:07:47,718 - crawler - INFO - Pausando vídeos e animações
2025-04-06 23:07:49,729 - crawler - INFO - Usando captura nativa do Firefox para página completa
2025-04-06 23:07:49,836 - crawler - INFO - Screenshot capturado com dimensões: (1920, 2007)
2025-04-06 23:07:50,321 - pdf_generator - INFO - PDF criado com sucesso: results\anbap.org\pages\obrigado_pelo_contato.pdf
2025-04-06 23:07:50,321 - __main__ - INFO - PDF criado com sucesso: results\anbap.org\pages\obrigado_pelo_contato.pdf
2025-04-06 23:07:50,322 - crawler - INFO - Iniciando captura de screenshot de https://anbap.org/faq/
2025-04-06 23:09:37,941 - crawler - INFO - Pausando vídeos e animações
2025-04-06 23:09:39,954 - crawler - INFO - Usando captura nativa do Firefox para página completa
2025-04-06 23:09:40,102 - crawler - INFO - Screenshot capturado com dimensões: (1920, 2628)
2025-04-06 23:09:40,698 - pdf_generator - INFO - PDF criado com sucesso: results\anbap.org\pages\faq.pdf
2025-04-06 23:09:40,698 - __main__ - INFO - PDF criado com sucesso: results\anbap.org\pages\faq.pdf
2025-04-06 23:09:40,699 - crawler - INFO - Iniciando captura de screenshot de https://anbap.org/revisao-da-vida-toda/
2025-04-06 23:11:29,349 - crawler - INFO - Pausando vídeos e animações
2025-04-06 23:11:31,370 - crawler - INFO - Usando captura nativa do Firefox para página completa
2025-04-06 23:11:31,527 - crawler - INFO - Screenshot capturado com dimensões: (1920, 3097)
2025-04-06 23:11:32,214 - pdf_generator - INFO - PDF criado com sucesso: results\anbap.org\pages\revisao_da_vida_toda.pdf
2025-04-06 23:11:32,215 - __main__ - INFO - PDF criado com sucesso: results\anbap.org\pages\revisao_da_vida_toda.pdf
2025-04-06 23:11:32,216 - crawler - INFO - Iniciando captura de screenshot de https://anbap.org/
2025-04-06 23:13:21,343 - crawler - INFO - Pausando vídeos e animações
2025-04-06 23:13:23,379 - crawler - INFO - Usando captura nativa do Firefox para página completa
2025-04-06 23:13:24,092 - crawler - INFO - Screenshot capturado com dimensões: (1920, 9641)
2025-04-06 23:13:26,798 - pdf_generator - INFO - PDF criado com sucesso: results\anbap.org\pages\page_8.pdf
2025-04-06 23:13:26,799 - __main__ - INFO - PDF criado com sucesso: results\anbap.org\pages\page_8.pdf
2025-04-06 23:13:26,799 - crawler - INFO - Iniciando captura de screenshot de https://anbap.org/telemedicina/
2025-04-06 23:15:14,540 - crawler - INFO - Pausando vídeos e animações
2025-04-06 23:15:16,560 - crawler - INFO - Usando captura nativa do Firefox para página completa
2025-04-06 23:15:17,174 - crawler - INFO - Screenshot capturado com dimensões: (1920, 5991)
2025-04-06 23:15:19,012 - pdf_generator - INFO - PDF criado com sucesso: results\anbap.org\pages\telemedicina.pdf
2025-04-06 23:15:19,013 - __main__ - INFO - PDF criado com sucesso: results\anbap.org\pages\telemedicina.pdf
2025-04-06 23:15:19,013 - crawler - INFO - Iniciando captura de screenshot de https://anbap.org/plano-odontologico/
2025-04-06 23:17:13,954 - crawler - INFO - Pausando vídeos e animações
2025-04-06 23:17:15,974 - crawler - INFO - Usando captura nativa do Firefox para página completa
2025-04-06 23:17:16,393 - crawler - INFO - Screenshot capturado com dimensões: (1920, 3391)
2025-04-06 23:17:17,532 - pdf_generator - INFO - PDF criado com sucesso: results\anbap.org\pages\plano_odontologico.pdf
2025-04-06 23:17:17,532 - __main__ - INFO - PDF criado com sucesso: results\anbap.org\pages\plano_odontologico.pdf
2025-04-06 23:17:17,533 - crawler - INFO - Iniciando captura de screenshot de https://anbap.org/consultas-exames/
2025-04-06 23:19:36,316 - crawler - INFO - Pausando vídeos e animações
2025-04-06 23:19:38,337 - crawler - INFO - Usando captura nativa do Firefox para página completa
2025-04-06 23:19:38,752 - crawler - INFO - Screenshot capturado com dimensões: (1920, 4506)
2025-04-06 23:19:40,067 - pdf_generator - INFO - PDF criado com sucesso: results\anbap.org\pages\consultas_exames.pdf
2025-04-06 23:19:40,067 - __main__ - INFO - PDF criado com sucesso: results\anbap.org\pages\consultas_exames.pdf
2025-04-06 23:19:40,068 - crawler - INFO - Iniciando captura de screenshot de https://anbap.org/descontos-em-medicamentos/
2025-04-06 23:21:28,471 - crawler - INFO - Pausando vídeos e animações
2025-04-06 23:21:30,484 - crawler - INFO - Usando captura nativa do Firefox para página completa
2025-04-06 23:21:30,827 - crawler - INFO - Screenshot capturado com dimensões: (1920, 3486)
2025-04-06 23:21:31,845 - pdf_generator - INFO - PDF criado com sucesso: results\anbap.org\pages\descontos_em_medicamentos.pdf
2025-04-06 23:21:31,845 - __main__ - INFO - PDF criado com sucesso: results\anbap.org\pages\descontos_em_medicamentos.pdf
2025-04-06 23:21:31,993 - pdf_generator - INFO - PDF mesclado criado com sucesso: results\anbap.org\anbap.org_completo.pdf
2025-04-06 23:21:34,779 - pdf_generator - INFO - PDF mesclado criado com sucesso: results\todos_os_sites.pdf
